<?xml version="1.0" encoding="UTF-8"?>
<!-- Generated by org.testng.reporters.JUnitReportReporter -->
<testsuite hostname="Ruturaj" failures="0" tests="1" name="com.sauce.TestClasses.TC002_VerifyLogOutFun" time="24.064" errors="0" timestamp="2022-08-04T21:12:20 IST" skipped="0">
  <testcase classname="com.sauce.TestClasses.TC002_VerifyLogOutFun" name="logOutFunctionality" time="24.064"/>
  <system-out/>
</testsuite> <!-- com.sauce.TestClasses.TC002_VerifyLogOutFun -->
