<?xml version="1.0" encoding="UTF-8"?>
<!-- Generated by org.testng.reporters.JUnitReportReporter -->
<testsuite hostname="Ruturaj" failures="0" tests="1" name="com.sauce.TestClasses.TC001_VerifyLoginFun" time="23.902" errors="0" timestamp="2022-08-04T21:12:20 IST" skipped="0">
  <testcase classname="com.sauce.TestClasses.TC001_VerifyLoginFun" name="loginFuntionality" time="23.902"/>
  <system-out/>
</testsuite> <!-- com.sauce.TestClasses.TC001_VerifyLoginFun -->
