<?xml version="1.0" encoding="UTF-8"?>
<!-- Generated by org.testng.reporters.JUnitReportReporter -->
<testsuite hostname="Ruturaj" failures="0" tests="1" name="com.sauce.TestClasses.TC003_VerifySingleProductAdd" time="23.945" errors="0" timestamp="2022-08-04T21:12:20 IST" skipped="0">
  <testcase classname="com.sauce.TestClasses.TC003_VerifySingleProductAdd" name="bagProductAddTOCartFunctionality" time="23.945"/>
  <system-out/>
</testsuite> <!-- com.sauce.TestClasses.TC003_VerifySingleProductAdd -->
