<?xml version="1.0" encoding="UTF-8"?>
<!-- Generated by org.testng.reporters.JUnitReportReporter -->
<testsuite hostname="Ruturaj" failures="0" tests="1" name="com.sauce.TestClasses.TC004_VerifyMultipleproductAdd" time="27.823" errors="0" timestamp="2022-08-04T21:12:20 IST" skipped="0">
  <testcase classname="com.sauce.TestClasses.TC004_VerifyMultipleproductAdd" name="mutipleProductAddToCartFunctionality" time="27.823"/>
  <system-out/>
</testsuite> <!-- com.sauce.TestClasses.TC004_VerifyMultipleproductAdd -->
